Started GET "/" for ::1 at 2019-11-30 22:10:02 -0800
  [1m[35m (92.6ms)[0m  [1m[34mSELECT "schema_migrations"."version" FROM "schema_migrations" ORDER BY "schema_migrations"."version" ASC[0m
Processing by Rails::WelcomeController#index as HTML
  Rendering /Users/Mackenzie/.rvm/gems/ruby-2.6.3/gems/railties-6.0.1/lib/rails/templates/rails/welcome/index.html.erb
  Rendered /Users/Mackenzie/.rvm/gems/ruby-2.6.3/gems/railties-6.0.1/lib/rails/templates/rails/welcome/index.html.erb (Duration: 17.4ms | Allocations: 482)
Completed 200 OK in 49ms (Views: 32.5ms | ActiveRecord: 0.0ms | Allocations: 2644)


Started GET "/maps/1" for ::1 at 2019-11-30 22:10:11 -0800
Processing by MapsController#show as HTML
  Parameters: {"id"=>"1"}
  [1m[36mMap Load (22.0ms)[0m  [1m[34mSELECT "maps".* FROM "maps" WHERE "maps"."id" = $1 LIMIT $2[0m  [["id", 1], ["LIMIT", 1]]
  ↳ app/controllers/maps_controller.rb:30:in `find_map'
Completed 200 OK in 176ms (Views: 0.3ms | ActiveRecord: 115.4ms | Allocations: 6533)


Started GET "/" for ::1 at 2019-11-30 22:57:17 -0800
  [1m[35m (7.3ms)[0m  [1m[34mSELECT "schema_migrations"."version" FROM "schema_migrations" ORDER BY "schema_migrations"."version" ASC[0m
Processing by Rails::WelcomeController#index as HTML
  Rendering /Users/Mackenzie/.rvm/gems/ruby-2.6.3/gems/railties-6.0.1/lib/rails/templates/rails/welcome/index.html.erb
  Rendered /Users/Mackenzie/.rvm/gems/ruby-2.6.3/gems/railties-6.0.1/lib/rails/templates/rails/welcome/index.html.erb (Duration: 21.7ms | Allocations: 317)
Completed 200 OK in 50ms (Views: 38.4ms | ActiveRecord: 0.0ms | Allocations: 1605)


Started GET "/favicon.ico" for ::1 at 2019-11-30 22:57:21 -0800
  
ActionController::RoutingError (No route matches [GET] "/favicon.ico"):
  
actionpack (6.0.1) lib/action_dispatch/middleware/debug_exceptions.rb:36:in `call'
actionpack (6.0.1) lib/action_dispatch/middleware/show_exceptions.rb:33:in `call'
railties (6.0.1) lib/rails/rack/logger.rb:38:in `call_app'
railties (6.0.1) lib/rails/rack/logger.rb:26:in `block in call'
activesupport (6.0.1) lib/active_support/tagged_logging.rb:80:in `block in tagged'
activesupport (6.0.1) lib/active_support/tagged_logging.rb:28:in `tagged'
activesupport (6.0.1) lib/active_support/tagged_logging.rb:80:in `tagged'
railties (6.0.1) lib/rails/rack/logger.rb:26:in `call'
actionpack (6.0.1) lib/action_dispatch/middleware/remote_ip.rb:81:in `call'
actionpack (6.0.1) lib/action_dispatch/middleware/request_id.rb:27:in `call'
rack (2.0.7) lib/rack/runtime.rb:22:in `call'
activesupport (6.0.1) lib/active_support/cache/strategy/local_cache_middleware.rb:29:in `call'
actionpack (6.0.1) lib/action_dispatch/middleware/executor.rb:14:in `call'
actionpack (6.0.1) lib/action_dispatch/middleware/static.rb:126:in `call'
rack (2.0.7) lib/rack/sendfile.rb:111:in `call'
actionpack (6.0.1) lib/action_dispatch/middleware/host_authorization.rb:83:in `call'
railties (6.0.1) lib/rails/engine.rb:526:in `call'
puma (3.12.1) lib/puma/configuration.rb:227:in `call'
puma (3.12.1) lib/puma/server.rb:660:in `handle_request'
puma (3.12.1) lib/puma/server.rb:474:in `process_client'
puma (3.12.1) lib/puma/server.rb:334:in `block in run'
puma (3.12.1) lib/puma/thread_pool.rb:135:in `block in spawn_thread'
Started GET "/" for ::1 at 2019-11-30 23:04:15 -0800
  [1m[35m (8.8ms)[0m  [1m[34mSELECT "schema_migrations"."version" FROM "schema_migrations" ORDER BY "schema_migrations"."version" ASC[0m
Processing by Rails::WelcomeController#index as HTML
  Rendering /Users/Mackenzie/.rvm/gems/ruby-2.6.3/gems/railties-6.0.1/lib/rails/templates/rails/welcome/index.html.erb
  Rendered /Users/Mackenzie/.rvm/gems/ruby-2.6.3/gems/railties-6.0.1/lib/rails/templates/rails/welcome/index.html.erb (Duration: 17.5ms | Allocations: 317)
Completed 200 OK in 45ms (Views: 29.8ms | ActiveRecord: 0.0ms | Allocations: 1605)


Started GET "/maps/1" for 127.0.0.1 at 2019-12-01 14:08:28 -0800
  [1m[35m (10.9ms)[0m  [1m[34mSELECT "schema_migrations"."version" FROM "schema_migrations" ORDER BY "schema_migrations"."version" ASC[0m
Processing by MapsController#show as */*
  Parameters: {"id"=>"1"}
  [1m[36mMap Load (36.8ms)[0m  [1m[34mSELECT "maps".* FROM "maps" WHERE "maps"."id" = $1 LIMIT $2[0m  [["id", 1], ["LIMIT", 1]]
  ↳ app/controllers/maps_controller.rb:30:in `find_map'
Completed 200 OK in 183ms (Views: 0.3ms | ActiveRecord: 88.9ms | Allocations: 5794)


Started GET "/maps/1" for 127.0.0.1 at 2019-12-01 14:14:32 -0800
Processing by MapsController#show as */*
  Parameters: {"id"=>"1"}
  [1m[36mMap Load (2.7ms)[0m  [1m[34mSELECT "maps".* FROM "maps" WHERE "maps"."id" = $1 LIMIT $2[0m  [["id", 1], ["LIMIT", 1]]
  ↳ app/controllers/maps_controller.rb:30:in `find_map'
Completed 200 OK in 30ms (Views: 0.9ms | ActiveRecord: 4.7ms | Allocations: 821)


Started GET "/maps/1" for 127.0.0.1 at 2019-12-01 14:15:12 -0800
Processing by MapsController#show as */*
  Parameters: {"id"=>"1"}
  [1m[36mMap Load (11.1ms)[0m  [1m[34mSELECT "maps".* FROM "maps" WHERE "maps"."id" = $1 LIMIT $2[0m  [["id", 1], ["LIMIT", 1]]
  ↳ app/controllers/maps_controller.rb:30:in `find_map'
Completed 200 OK in 16ms (Views: 0.2ms | ActiveRecord: 11.1ms | Allocations: 741)


Started GET "/maps/undefined" for 127.0.0.1 at 2019-12-01 15:03:51 -0800
Processing by MapsController#show as */*
  Parameters: {"id"=>"undefined"}
  [1m[36mMap Load (43.8ms)[0m  [1m[34mSELECT "maps".* FROM "maps" WHERE "maps"."id" = $1 LIMIT $2[0m  [["id", nil], ["LIMIT", 1]]
  ↳ app/controllers/maps_controller.rb:30:in `find_map'
Completed 200 OK in 136ms (Views: 3.5ms | ActiveRecord: 46.5ms | Allocations: 696)


Started GET "/maps/undefined" for 127.0.0.1 at 2019-12-01 15:13:59 -0800
Processing by MapsController#show as */*
  Parameters: {"id"=>"undefined"}
  [1m[36mMap Load (6.5ms)[0m  [1m[34mSELECT "maps".* FROM "maps" WHERE "maps"."id" = $1 LIMIT $2[0m  [["id", nil], ["LIMIT", 1]]
  ↳ app/controllers/maps_controller.rb:30:in `find_map'
Completed 200 OK in 122ms (Views: 17.7ms | ActiveRecord: 6.5ms | Allocations: 614)


Started GET "/maps/undefined" for 127.0.0.1 at 2019-12-01 15:21:06 -0800
  [1m[35m (8.1ms)[0m  [1m[34mSELECT "schema_migrations"."version" FROM "schema_migrations" ORDER BY "schema_migrations"."version" ASC[0m
Processing by MapsController#show as */*
  Parameters: {"id"=>"undefined"}
  [1m[36mMap Load (2.7ms)[0m  [1m[34mSELECT "maps".* FROM "maps" WHERE "maps"."id" = $1 LIMIT $2[0m  [["id", nil], ["LIMIT", 1]]
  ↳ app/controllers/maps_controller.rb:30:in `find_map'
Completed 200 OK in 107ms (Views: 0.4ms | ActiveRecord: 54.5ms | Allocations: 2666)


Started GET "/maps/[object%20Object]" for 127.0.0.1 at 2019-12-01 15:22:09 -0800
Processing by MapsController#show as */*
  Parameters: {"id"=>"[object Object]"}
  [1m[36mMap Load (21.3ms)[0m  [1m[34mSELECT "maps".* FROM "maps" WHERE "maps"."id" = $1 LIMIT $2[0m  [["id", nil], ["LIMIT", 1]]
  ↳ app/controllers/maps_controller.rb:30:in `find_map'
Completed 200 OK in 25ms (Views: 0.2ms | ActiveRecord: 21.3ms | Allocations: 614)


Started GET "/maps/1" for 127.0.0.1 at 2019-12-01 15:25:28 -0800
Processing by MapsController#show as */*
  Parameters: {"id"=>"1"}
  [1m[36mMap Load (33.3ms)[0m  [1m[34mSELECT "maps".* FROM "maps" WHERE "maps"."id" = $1 LIMIT $2[0m  [["id", 1], ["LIMIT", 1]]
  ↳ app/controllers/maps_controller.rb:30:in `find_map'
Completed 200 OK in 327ms (Views: 1.1ms | ActiveRecord: 257.5ms | Allocations: 3712)


Started GET "/maps/1" for 127.0.0.1 at 2019-12-01 15:25:33 -0800
Processing by MapsController#show as */*
  Parameters: {"id"=>"1"}
  [1m[36mMap Load (0.7ms)[0m  [1m[34mSELECT "maps".* FROM "maps" WHERE "maps"."id" = $1 LIMIT $2[0m  [["id", 1], ["LIMIT", 1]]
  ↳ app/controllers/maps_controller.rb:30:in `find_map'
Completed 200 OK in 4ms (Views: 0.2ms | ActiveRecord: 0.7ms | Allocations: 741)


Started GET "/maps/1" for 127.0.0.1 at 2019-12-01 15:26:41 -0800
Processing by MapsController#show as */*
  Parameters: {"id"=>"1"}
  [1m[36mMap Load (11.8ms)[0m  [1m[34mSELECT "maps".* FROM "maps" WHERE "maps"."id" = $1 LIMIT $2[0m  [["id", 1], ["LIMIT", 1]]
  ↳ app/controllers/maps_controller.rb:30:in `find_map'
Completed 200 OK in 37ms (Views: 3.0ms | ActiveRecord: 11.8ms | Allocations: 744)


Started GET "/maps/1" for 127.0.0.1 at 2019-12-01 15:27:37 -0800
Processing by MapsController#show as */*
  Parameters: {"id"=>"1"}
  [1m[36mMap Load (1.9ms)[0m  [1m[34mSELECT "maps".* FROM "maps" WHERE "maps"."id" = $1 LIMIT $2[0m  [["id", 1], ["LIMIT", 1]]
  ↳ app/controllers/maps_controller.rb:30:in `find_map'
Completed 200 OK in 23ms (Views: 1.2ms | ActiveRecord: 1.9ms | Allocations: 725)


Started GET "/maps/1" for 127.0.0.1 at 2019-12-01 15:27:42 -0800
Processing by MapsController#show as */*
  Parameters: {"id"=>"1"}
  [1m[36mMap Load (2.3ms)[0m  [1m[34mSELECT "maps".* FROM "maps" WHERE "maps"."id" = $1 LIMIT $2[0m  [["id", 1], ["LIMIT", 1]]
  ↳ app/controllers/maps_controller.rb:30:in `find_map'
Completed 200 OK in 5ms (Views: 0.2ms | ActiveRecord: 2.3ms | Allocations: 725)


Started GET "/maps/1" for 127.0.0.1 at 2019-12-01 18:54:42 -0800
Processing by MapsController#show as */*
  Parameters: {"id"=>"1"}
  [1m[36mMap Load (20.0ms)[0m  [1m[34mSELECT "maps".* FROM "maps" WHERE "maps"."id" = $1 LIMIT $2[0m  [["id", 1], ["LIMIT", 1]]
  ↳ app/controllers/maps_controller.rb:30:in `find_map'
Completed 200 OK in 65ms (Views: 0.8ms | ActiveRecord: 21.7ms | Allocations: 814)


Started GET "/maps/1" for 127.0.0.1 at 2019-12-01 18:55:06 -0800
Processing by MapsController#show as */*
  Parameters: {"id"=>"1"}
  [1m[36mMap Load (1.5ms)[0m  [1m[34mSELECT "maps".* FROM "maps" WHERE "maps"."id" = $1 LIMIT $2[0m  [["id", 1], ["LIMIT", 1]]
  ↳ app/controllers/maps_controller.rb:30:in `find_map'
Completed 200 OK in 5ms (Views: 0.2ms | ActiveRecord: 1.5ms | Allocations: 725)


Started GET "/maps/1" for ::1 at 2019-12-01 18:55:15 -0800
Processing by MapsController#show as HTML
  Parameters: {"id"=>"1"}
  [1m[36mMap Load (2.2ms)[0m  [1m[34mSELECT "maps".* FROM "maps" WHERE "maps"."id" = $1 LIMIT $2[0m  [["id", 1], ["LIMIT", 1]]
  ↳ app/controllers/maps_controller.rb:30:in `find_map'
Completed 200 OK in 20ms (Views: 1.5ms | ActiveRecord: 2.2ms | Allocations: 724)


Started GET "/maps/1" for 127.0.0.1 at 2019-12-01 18:57:17 -0800
Processing by MapsController#show as */*
  Parameters: {"id"=>"1"}
  [1m[36mMap Load (3.7ms)[0m  [1m[34mSELECT "maps".* FROM "maps" WHERE "maps"."id" = $1 LIMIT $2[0m  [["id", 1], ["LIMIT", 1]]
  ↳ app/controllers/maps_controller.rb:30:in `find_map'
Completed 200 OK in 35ms (Views: 1.7ms | ActiveRecord: 3.7ms | Allocations: 725)


Started GET "/maps/1" for 127.0.0.1 at 2019-12-01 19:01:51 -0800
Processing by MapsController#show as */*
  Parameters: {"id"=>"1"}
  [1m[36mMap Load (17.8ms)[0m  [1m[34mSELECT "maps".* FROM "maps" WHERE "maps"."id" = $1 LIMIT $2[0m  [["id", 1], ["LIMIT", 1]]
  ↳ app/controllers/maps_controller.rb:30:in `find_map'
Completed 200 OK in 51ms (Views: 2.3ms | ActiveRecord: 17.8ms | Allocations: 725)


Started GET "/maps/1" for 127.0.0.1 at 2019-12-01 19:09:09 -0800
Processing by MapsController#show as */*
  Parameters: {"id"=>"1"}
  [1m[36mMap Load (11.2ms)[0m  [1m[34mSELECT "maps".* FROM "maps" WHERE "maps"."id" = $1 LIMIT $2[0m  [["id", 1], ["LIMIT", 1]]
  ↳ app/controllers/maps_controller.rb:30:in `find_map'
Completed 200 OK in 58ms (Views: 1.1ms | ActiveRecord: 29.2ms | Allocations: 811)


Started GET "/maps/1" for 127.0.0.1 at 2019-12-01 19:09:27 -0800
Processing by MapsController#show as */*
  Parameters: {"id"=>"1"}
  [1m[36mMap Load (1.8ms)[0m  [1m[34mSELECT "maps".* FROM "maps" WHERE "maps"."id" = $1 LIMIT $2[0m  [["id", 1], ["LIMIT", 1]]
  ↳ app/controllers/maps_controller.rb:30:in `find_map'
Completed 200 OK in 9ms (Views: 0.3ms | ActiveRecord: 1.8ms | Allocations: 725)


Started GET "/maps/1" for 127.0.0.1 at 2019-12-01 20:01:26 -0800
Processing by MapsController#show as */*
  Parameters: {"id"=>"1"}
  [1m[36mMap Load (1.2ms)[0m  [1m[34mSELECT "maps".* FROM "maps" WHERE "maps"."id" = $1 LIMIT $2[0m  [["id", 1], ["LIMIT", 1]]
  ↳ app/controllers/maps_controller.rb:30:in `find_map'
Completed 200 OK in 232ms (Views: 1.2ms | ActiveRecord: 170.4ms | Allocations: 812)


Started GET "/maps/1" for 127.0.0.1 at 2019-12-01 20:05:10 -0800
Processing by MapsController#show as */*
  Parameters: {"id"=>"1"}
  [1m[36mMap Load (91.5ms)[0m  [1m[34mSELECT "maps".* FROM "maps" WHERE "maps"."id" = $1 LIMIT $2[0m  [["id", 1], ["LIMIT", 1]]
  ↳ app/controllers/maps_controller.rb:30:in `find_map'
Completed 200 OK in 143ms (Views: 1.7ms | ActiveRecord: 91.5ms | Allocations: 725)


Started GET "/maps/babel/parser/lib/index.js" for 127.0.0.1 at 2019-12-01 20:55:48 -0800
  [1m[35m (19.5ms)[0m  [1m[34mSELECT "schema_migrations"."version" FROM "schema_migrations" ORDER BY "schema_migrations"."version" ASC[0m
  
ActionController::RoutingError (No route matches [GET] "/maps/babel/parser/lib/index.js"):
  
actionpack (6.0.1) lib/action_dispatch/middleware/debug_exceptions.rb:36:in `call'
actionpack (6.0.1) lib/action_dispatch/middleware/show_exceptions.rb:33:in `call'
railties (6.0.1) lib/rails/rack/logger.rb:38:in `call_app'
railties (6.0.1) lib/rails/rack/logger.rb:26:in `block in call'
activesupport (6.0.1) lib/active_support/tagged_logging.rb:80:in `block in tagged'
activesupport (6.0.1) lib/active_support/tagged_logging.rb:28:in `tagged'
activesupport (6.0.1) lib/active_support/tagged_logging.rb:80:in `tagged'
railties (6.0.1) lib/rails/rack/logger.rb:26:in `call'
actionpack (6.0.1) lib/action_dispatch/middleware/remote_ip.rb:81:in `call'
actionpack (6.0.1) lib/action_dispatch/middleware/request_id.rb:27:in `call'
rack (2.0.7) lib/rack/runtime.rb:22:in `call'
activesupport (6.0.1) lib/active_support/cache/strategy/local_cache_middleware.rb:29:in `call'
actionpack (6.0.1) lib/action_dispatch/middleware/executor.rb:14:in `call'
actionpack (6.0.1) lib/action_dispatch/middleware/static.rb:126:in `call'
rack (2.0.7) lib/rack/sendfile.rb:111:in `call'
actionpack (6.0.1) lib/action_dispatch/middleware/host_authorization.rb:83:in `call'
railties (6.0.1) lib/rails/engine.rb:526:in `call'
puma (3.12.1) lib/puma/configuration.rb:227:in `call'
puma (3.12.1) lib/puma/server.rb:660:in `handle_request'
puma (3.12.1) lib/puma/server.rb:474:in `process_client'
puma (3.12.1) lib/puma/server.rb:334:in `block in run'
puma (3.12.1) lib/puma/thread_pool.rb:135:in `block in spawn_thread'
Started GET "/maps/1" for 127.0.0.1 at 2019-12-01 20:56:00 -0800
Processing by MapsController#show as */*
  Parameters: {"id"=>"1"}
  [1m[36mMap Load (144.0ms)[0m  [1m[34mSELECT "maps".* FROM "maps" WHERE "maps"."id" = $1 LIMIT $2[0m  [["id", 1], ["LIMIT", 1]]
  ↳ app/controllers/maps_controller.rb:30:in `find_map'
Completed 200 OK in 409ms (Views: 0.9ms | ActiveRecord: 295.0ms | Allocations: 5779)


Started GET "/maps/babel/parser/lib/index.js" for 127.0.0.1 at 2019-12-01 21:01:38 -0800
  
ActionController::RoutingError (No route matches [GET] "/maps/babel/parser/lib/index.js"):
  
actionpack (6.0.1) lib/action_dispatch/middleware/debug_exceptions.rb:36:in `call'
actionpack (6.0.1) lib/action_dispatch/middleware/show_exceptions.rb:33:in `call'
railties (6.0.1) lib/rails/rack/logger.rb:38:in `call_app'
railties (6.0.1) lib/rails/rack/logger.rb:26:in `block in call'
activesupport (6.0.1) lib/active_support/tagged_logging.rb:80:in `block in tagged'
activesupport (6.0.1) lib/active_support/tagged_logging.rb:28:in `tagged'
activesupport (6.0.1) lib/active_support/tagged_logging.rb:80:in `tagged'
railties (6.0.1) lib/rails/rack/logger.rb:26:in `call'
actionpack (6.0.1) lib/action_dispatch/middleware/remote_ip.rb:81:in `call'
actionpack (6.0.1) lib/action_dispatch/middleware/request_id.rb:27:in `call'
rack (2.0.7) lib/rack/runtime.rb:22:in `call'
activesupport (6.0.1) lib/active_support/cache/strategy/local_cache_middleware.rb:29:in `call'
actionpack (6.0.1) lib/action_dispatch/middleware/executor.rb:14:in `call'
actionpack (6.0.1) lib/action_dispatch/middleware/static.rb:126:in `call'
rack (2.0.7) lib/rack/sendfile.rb:111:in `call'
actionpack (6.0.1) lib/action_dispatch/middleware/host_authorization.rb:83:in `call'
railties (6.0.1) lib/rails/engine.rb:526:in `call'
puma (3.12.1) lib/puma/configuration.rb:227:in `call'
puma (3.12.1) lib/puma/server.rb:660:in `handle_request'
puma (3.12.1) lib/puma/server.rb:474:in `process_client'
puma (3.12.1) lib/puma/server.rb:334:in `block in run'
puma (3.12.1) lib/puma/thread_pool.rb:135:in `block in spawn_thread'
Started GET "/maps/1/pins" for 127.0.0.1 at 2019-12-01 21:12:53 -0800
Processing by PinsController#index as */*
  Parameters: {"map_id"=>"1"}
  [1m[36mPin Load (236.3ms)[0m  [1m[34mSELECT "pins".* FROM "pins" WHERE "pins"."map_id" = $1[0m  [["map_id", 1]]
  ↳ app/controllers/pins_controller.rb:8:in `index'
Completed 200 OK in 562ms (Views: 3.5ms | ActiveRecord: 417.8ms | Allocations: 6844)


Started GET "/maps/1/pins" for 127.0.0.1 at 2019-12-01 21:16:18 -0800
Processing by PinsController#index as */*
  Parameters: {"map_id"=>"1"}
  [1m[36mPin Load (2.3ms)[0m  [1m[34mSELECT "pins".* FROM "pins" WHERE "pins"."map_id" = $1[0m  [["map_id", 1]]
  ↳ app/controllers/pins_controller.rb:8:in `index'
Completed 200 OK in 58ms (Views: 0.9ms | ActiveRecord: 2.3ms | Allocations: 1182)


Started GET "/maps/1/pins" for 127.0.0.1 at 2019-12-01 21:25:25 -0800
Processing by PinsController#index as */*
  Parameters: {"map_id"=>"1"}
  [1m[36mPin Load (3.7ms)[0m  [1m[34mSELECT "pins".* FROM "pins" WHERE "pins"."map_id" = $1[0m  [["map_id", 1]]
  ↳ app/controllers/pins_controller.rb:8:in `index'
Completed 200 OK in 40ms (Views: 1.1ms | ActiveRecord: 4.3ms | Allocations: 1269)


Started GET "/maps/1/pins" for 127.0.0.1 at 2019-12-01 21:30:37 -0800
Processing by PinsController#index as */*
  Parameters: {"map_id"=>"1"}
  [1m[36mPin Load (389.7ms)[0m  [1m[34mSELECT "pins".* FROM "pins" WHERE "pins"."map_id" = $1[0m  [["map_id", 1]]
  ↳ app/controllers/pins_controller.rb:8:in `index'
Completed 200 OK in 485ms (Views: 1.1ms | ActiveRecord: 389.7ms | Allocations: 1165)


Started GET "/maps/undefined/pins" for 127.0.0.1 at 2019-12-01 21:46:14 -0800
Processing by PinsController#index as */*
  Parameters: {"map_id"=>"undefined"}
  [1m[36mPin Load (1.7ms)[0m  [1m[34mSELECT "pins".* FROM "pins" WHERE "pins"."map_id" = $1[0m  [["map_id", nil]]
  ↳ app/controllers/pins_controller.rb:8:in `index'
Completed 200 OK in 34ms (Views: 1.0ms | ActiveRecord: 5.5ms | Allocations: 832)


Started GET "/maps/undefined/pins" for 127.0.0.1 at 2019-12-01 21:47:04 -0800
Processing by PinsController#index as */*
  Parameters: {"map_id"=>"undefined"}
  [1m[36mPin Load (1.7ms)[0m  [1m[34mSELECT "pins".* FROM "pins" WHERE "pins"."map_id" = $1[0m  [["map_id", nil]]
  ↳ app/controllers/pins_controller.rb:8:in `index'
Completed 200 OK in 333ms (Views: 3.0ms | ActiveRecord: 1.7ms | Allocations: 716)


Started GET "/maps/undefined/pins" for 127.0.0.1 at 2019-12-01 21:48:00 -0800
Processing by PinsController#index as */*
  Parameters: {"map_id"=>"undefined"}
  [1m[36mPin Load (4.3ms)[0m  [1m[34mSELECT "pins".* FROM "pins" WHERE "pins"."map_id" = $1[0m  [["map_id", nil]]
  ↳ app/controllers/pins_controller.rb:8:in `index'
Completed 200 OK in 34ms (Views: 0.7ms | ActiveRecord: 4.3ms | Allocations: 719)


Started GET "/maps/undefined/pins" for 127.0.0.1 at 2019-12-01 21:50:06 -0800
Processing by PinsController#index as */*
  Parameters: {"map_id"=>"undefined"}
  [1m[36mPin Load (3.5ms)[0m  [1m[34mSELECT "pins".* FROM "pins" WHERE "pins"."map_id" = $1[0m  [["map_id", nil]]
  ↳ app/controllers/pins_controller.rb:8:in `index'
Completed 200 OK in 12ms (Views: 0.5ms | ActiveRecord: 3.5ms | Allocations: 717)


Started GET "/maps/babel/parser/lib/index.js" for 127.0.0.1 at 2019-12-01 21:50:13 -0800
  
ActionController::RoutingError (No route matches [GET] "/maps/babel/parser/lib/index.js"):
  
actionpack (6.0.1) lib/action_dispatch/middleware/debug_exceptions.rb:36:in `call'
actionpack (6.0.1) lib/action_dispatch/middleware/show_exceptions.rb:33:in `call'
railties (6.0.1) lib/rails/rack/logger.rb:38:in `call_app'
railties (6.0.1) lib/rails/rack/logger.rb:26:in `block in call'
activesupport (6.0.1) lib/active_support/tagged_logging.rb:80:in `block in tagged'
activesupport (6.0.1) lib/active_support/tagged_logging.rb:28:in `tagged'
activesupport (6.0.1) lib/active_support/tagged_logging.rb:80:in `tagged'
railties (6.0.1) lib/rails/rack/logger.rb:26:in `call'
actionpack (6.0.1) lib/action_dispatch/middleware/remote_ip.rb:81:in `call'
actionpack (6.0.1) lib/action_dispatch/middleware/request_id.rb:27:in `call'
rack (2.0.7) lib/rack/runtime.rb:22:in `call'
activesupport (6.0.1) lib/active_support/cache/strategy/local_cache_middleware.rb:29:in `call'
actionpack (6.0.1) lib/action_dispatch/middleware/executor.rb:14:in `call'
actionpack (6.0.1) lib/action_dispatch/middleware/static.rb:126:in `call'
rack (2.0.7) lib/rack/sendfile.rb:111:in `call'
actionpack (6.0.1) lib/action_dispatch/middleware/host_authorization.rb:83:in `call'
railties (6.0.1) lib/rails/engine.rb:526:in `call'
puma (3.12.1) lib/puma/configuration.rb:227:in `call'
puma (3.12.1) lib/puma/server.rb:660:in `handle_request'
puma (3.12.1) lib/puma/server.rb:474:in `process_client'
puma (3.12.1) lib/puma/server.rb:334:in `block in run'
puma (3.12.1) lib/puma/thread_pool.rb:135:in `block in spawn_thread'
Started GET "/maps/undefined/pins" for 127.0.0.1 at 2019-12-01 21:50:56 -0800
Processing by PinsController#index as */*
  Parameters: {"map_id"=>"undefined"}
  [1m[36mPin Load (6.3ms)[0m  [1m[34mSELECT "pins".* FROM "pins" WHERE "pins"."map_id" = $1[0m  [["map_id", nil]]
  ↳ app/controllers/pins_controller.rb:8:in `index'
Completed 200 OK in 32ms (Views: 1.0ms | ActiveRecord: 6.3ms | Allocations: 715)


Started GET "/" for ::1 at 2019-12-03 18:14:31 -0800
  [1m[35m (18.8ms)[0m  [1m[34mSELECT "schema_migrations"."version" FROM "schema_migrations" ORDER BY "schema_migrations"."version" ASC[0m
Processing by Rails::WelcomeController#index as HTML
  Rendering /Users/Mackenzie/.rvm/gems/ruby-2.6.3/gems/railties-6.0.1/lib/rails/templates/rails/welcome/index.html.erb
  Rendered /Users/Mackenzie/.rvm/gems/ruby-2.6.3/gems/railties-6.0.1/lib/rails/templates/rails/welcome/index.html.erb (Duration: 22.0ms | Allocations: 317)
Completed 200 OK in 46ms (Views: 34.8ms | ActiveRecord: 0.0ms | Allocations: 1605)


Started GET "/maps/1" for ::1 at 2019-12-03 18:14:36 -0800
Processing by MapsController#show as HTML
  Parameters: {"id"=>"1"}
  [1m[36mMap Load (24.9ms)[0m  [1m[34mSELECT "maps".* FROM "maps" WHERE "maps"."id" = $1 LIMIT $2[0m  [["id", 1], ["LIMIT", 1]]
  ↳ app/controllers/maps_controller.rb:30:in `find_map'
Completed 200 OK in 178ms (Views: 0.2ms | ActiveRecord: 142.7ms | Allocations: 5772)


Started GET "/maps/1" for ::1 at 2019-12-03 18:14:47 -0800
Processing by MapsController#show as HTML
  Parameters: {"id"=>"1"}
  [1m[36mMap Load (1.5ms)[0m  [1m[34mSELECT "maps".* FROM "maps" WHERE "maps"."id" = $1 LIMIT $2[0m  [["id", 1], ["LIMIT", 1]]
  ↳ app/controllers/maps_controller.rb:30:in `find_map'
Completed 200 OK in 4ms (Views: 0.1ms | ActiveRecord: 1.5ms | Allocations: 740)


Started GET "/" for ::1 at 2019-12-05 10:41:50 -0800
  [1m[35m (4.0ms)[0m  [1m[34mSELECT "schema_migrations"."version" FROM "schema_migrations" ORDER BY "schema_migrations"."version" ASC[0m
Processing by Rails::WelcomeController#index as HTML
  Rendering /Users/Mackenzie/.rvm/gems/ruby-2.6.3/gems/railties-6.0.1/lib/rails/templates/rails/welcome/index.html.erb
  Rendered /Users/Mackenzie/.rvm/gems/ruby-2.6.3/gems/railties-6.0.1/lib/rails/templates/rails/welcome/index.html.erb (Duration: 15.7ms | Allocations: 317)
Completed 200 OK in 41ms (Views: 28.7ms | ActiveRecord: 0.0ms | Allocations: 1604)


Started GET "/maps/1" for ::1 at 2019-12-05 10:41:56 -0800
Processing by MapsController#show as HTML
  Parameters: {"id"=>"1"}
  [1m[36mMap Load (23.4ms)[0m  [1m[34mSELECT "maps".* FROM "maps" WHERE "maps"."id" = $1 LIMIT $2[0m  [["id", 1], ["LIMIT", 1]]
  ↳ app/controllers/maps_controller.rb:30:in `find_map'
Completed 200 OK in 196ms (Views: 0.4ms | ActiveRecord: 159.7ms | Allocations: 5773)


Started GET "/maps/1" for 127.0.0.1 at 2019-12-05 10:43:21 -0800
  [1m[35m (3.0ms)[0m  [1m[34mSELECT "schema_migrations"."version" FROM "schema_migrations" ORDER BY "schema_migrations"."version" ASC[0m
Processing by MapsController#show as */*
  Parameters: {"id"=>"1"}
  [1m[36mMap Load (1.1ms)[0m  [1m[34mSELECT "maps".* FROM "maps" WHERE "maps"."id" = $1 LIMIT $2[0m  [["id", 1], ["LIMIT", 1]]
  ↳ app/controllers/maps_controller.rb:30:in `find_map'
Completed 200 OK in 63ms (Views: 0.2ms | ActiveRecord: 23.0ms | Allocations: 5762)


Started GET "/maps/%3Canonymous%3E" for 127.0.0.1 at 2019-12-05 10:43:22 -0800
Processing by MapsController#show as */*
  Parameters: {"id"=>"<anonymous>"}
  [1m[36mMap Load (55.4ms)[0m  [1m[34mSELECT "maps".* FROM "maps" WHERE "maps"."id" = $1 LIMIT $2[0m  [["id", nil], ["LIMIT", 1]]
  ↳ app/controllers/maps_controller.rb:30:in `find_map'
Completed 200 OK in 58ms (Views: 0.1ms | ActiveRecord: 55.4ms | Allocations: 618)


Started GET "/maps/1" for 127.0.0.1 at 2019-12-05 10:44:07 -0800
Processing by MapsController#show as */*
  Parameters: {"id"=>"1"}
  [1m[36mMap Load (1.1ms)[0m  [1m[34mSELECT "maps".* FROM "maps" WHERE "maps"."id" = $1 LIMIT $2[0m  [["id", 1], ["LIMIT", 1]]
  ↳ app/controllers/maps_controller.rb:30:in `find_map'
Completed 200 OK in 10ms (Views: 0.8ms | ActiveRecord: 1.1ms | Allocations: 741)


Started GET "/maps/1" for 127.0.0.1 at 2019-12-05 10:44:48 -0800
Processing by MapsController#show as */*
  Parameters: {"id"=>"1"}
  [1m[36mMap Load (2.1ms)[0m  [1m[34mSELECT "maps".* FROM "maps" WHERE "maps"."id" = $1 LIMIT $2[0m  [["id", 1], ["LIMIT", 1]]
  ↳ app/controllers/maps_controller.rb:30:in `find_map'
Completed 200 OK in 17ms (Views: 0.6ms | ActiveRecord: 2.1ms | Allocations: 741)


Started GET "/maps/1" for 127.0.0.1 at 2019-12-05 10:45:52 -0800
Processing by MapsController#show as */*
  Parameters: {"id"=>"1"}
  [1m[36mMap Load (14.6ms)[0m  [1m[34mSELECT "maps".* FROM "maps" WHERE "maps"."id" = $1 LIMIT $2[0m  [["id", 1], ["LIMIT", 1]]
  ↳ app/controllers/maps_controller.rb:30:in `find_map'
Completed 200 OK in 17ms (Views: 0.1ms | ActiveRecord: 14.6ms | Allocations: 741)


Started GET "/maps/1" for 127.0.0.1 at 2019-12-05 10:46:32 -0800
Processing by MapsController#show as */*
  Parameters: {"id"=>"1"}
  [1m[36mMap Load (5.4ms)[0m  [1m[34mSELECT "maps".* FROM "maps" WHERE "maps"."id" = $1 LIMIT $2[0m  [["id", 1], ["LIMIT", 1]]
  ↳ app/controllers/maps_controller.rb:30:in `find_map'
Completed 200 OK in 18ms (Views: 3.4ms | ActiveRecord: 5.4ms | Allocations: 725)


Started GET "/maps/1" for 127.0.0.1 at 2019-12-05 10:47:12 -0800
Processing by MapsController#show as */*
  Parameters: {"id"=>"1"}
  [1m[36mMap Load (0.7ms)[0m  [1m[34mSELECT "maps".* FROM "maps" WHERE "maps"."id" = $1 LIMIT $2[0m  [["id", 1], ["LIMIT", 1]]
  ↳ app/controllers/maps_controller.rb:30:in `find_map'
Completed 200 OK in 9ms (Views: 0.4ms | ActiveRecord: 0.7ms | Allocations: 725)


Started GET "/maps/1" for 127.0.0.1 at 2019-12-05 10:49:56 -0800
Processing by MapsController#show as */*
  Parameters: {"id"=>"1"}
  [1m[36mMap Load (12.1ms)[0m  [1m[34mSELECT "maps".* FROM "maps" WHERE "maps"."id" = $1 LIMIT $2[0m  [["id", 1], ["LIMIT", 1]]
  ↳ app/controllers/maps_controller.rb:30:in `find_map'
Completed 200 OK in 24ms (Views: 0.9ms | ActiveRecord: 12.1ms | Allocations: 725)


Started GET "/maps/1" for 127.0.0.1 at 2019-12-05 10:50:37 -0800
Processing by MapsController#show as */*
  Parameters: {"id"=>"1"}
  [1m[36mMap Load (3.7ms)[0m  [1m[34mSELECT "maps".* FROM "maps" WHERE "maps"."id" = $1 LIMIT $2[0m  [["id", 1], ["LIMIT", 1]]
  ↳ app/controllers/maps_controller.rb:30:in `find_map'
Completed 200 OK in 21ms (Views: 0.9ms | ActiveRecord: 3.7ms | Allocations: 725)


Started GET "/maps/1" for 127.0.0.1 at 2019-12-05 10:51:33 -0800
Processing by MapsController#show as */*
  Parameters: {"id"=>"1"}
  [1m[36mMap Load (1.2ms)[0m  [1m[34mSELECT "maps".* FROM "maps" WHERE "maps"."id" = $1 LIMIT $2[0m  [["id", 1], ["LIMIT", 1]]
  ↳ app/controllers/maps_controller.rb:30:in `find_map'
Completed 200 OK in 18ms (Views: 0.9ms | ActiveRecord: 1.2ms | Allocations: 725)


Started GET "/maps/%3Canonymous%3E" for 127.0.0.1 at 2019-12-05 10:51:50 -0800
Processing by MapsController#show as */*
  Parameters: {"id"=>"<anonymous>"}
  [1m[36mMap Load (8.8ms)[0m  [1m[34mSELECT "maps".* FROM "maps" WHERE "maps"."id" = $1 LIMIT $2[0m  [["id", nil], ["LIMIT", 1]]
  ↳ app/controllers/maps_controller.rb:30:in `find_map'
Completed 200 OK in 12ms (Views: 0.1ms | ActiveRecord: 8.8ms | Allocations: 598)


Started GET "/maps/%3Canonymous%3E" for 127.0.0.1 at 2019-12-05 10:51:59 -0800
Processing by MapsController#show as */*
  Parameters: {"id"=>"<anonymous>"}
  [1m[36mMap Load (1.2ms)[0m  [1m[34mSELECT "maps".* FROM "maps" WHERE "maps"."id" = $1 LIMIT $2[0m  [["id", nil], ["LIMIT", 1]]
  ↳ app/controllers/maps_controller.rb:30:in `find_map'
Completed 200 OK in 3ms (Views: 0.1ms | ActiveRecord: 1.2ms | Allocations: 598)


Started GET "/maps/1" for 127.0.0.1 at 2019-12-05 10:52:25 -0800
Processing by MapsController#show as */*
  Parameters: {"id"=>"1"}
  [1m[36mMap Load (415.8ms)[0m  [1m[34mSELECT "maps".* FROM "maps" WHERE "maps"."id" = $1 LIMIT $2[0m  [["id", 1], ["LIMIT", 1]]
  ↳ app/controllers/maps_controller.rb:30:in `find_map'
Completed 200 OK in 439ms (Views: 1.4ms | ActiveRecord: 415.8ms | Allocations: 726)


  [1m[36mPin Load (22.6ms)[0m  [1m[34mSELECT "pins".* FROM "pins" WHERE "pins"."id" = $1 LIMIT $2[0m  [["id", 1], ["LIMIT", 1]]
Started GET "/maps/1" for 127.0.0.1 at 2019-12-05 10:57:36 -0800
  [1m[35m (9.4ms)[0m  [1m[34mSELECT "schema_migrations"."version" FROM "schema_migrations" ORDER BY "schema_migrations"."version" ASC[0m
Processing by MapsController#show as */*
  Parameters: {"id"=>"1"}
  [1m[36mMap Load (6.4ms)[0m  [1m[34mSELECT "maps".* FROM "maps" WHERE "maps"."id" = $1 LIMIT $2[0m  [["id", 1], ["LIMIT", 1]]
  ↳ app/controllers/maps_controller.rb:30:in `find_map'
Completed 200 OK in 46ms (Views: 0.2ms | ActiveRecord: 15.6ms | Allocations: 5762)


Started GET "/maps/%3Canonymous%3E" for 127.0.0.1 at 2019-12-05 10:57:36 -0800
Processing by MapsController#show as */*
  Parameters: {"id"=>"<anonymous>"}
  [1m[36mMap Load (0.9ms)[0m  [1m[34mSELECT "maps".* FROM "maps" WHERE "maps"."id" = $1 LIMIT $2[0m  [["id", nil], ["LIMIT", 1]]
  ↳ app/controllers/maps_controller.rb:30:in `find_map'
Completed 200 OK in 4ms (Views: 0.2ms | ActiveRecord: 0.9ms | Allocations: 617)


Started GET "/maps/%3Canonymous%3E" for 127.0.0.1 at 2019-12-05 10:57:36 -0800
Processing by MapsController#show as */*
  Parameters: {"id"=>"<anonymous>"}
  [1m[36mMap Load (6.3ms)[0m  [1m[34mSELECT "maps".* FROM "maps" WHERE "maps"."id" = $1 LIMIT $2[0m  [["id", nil], ["LIMIT", 1]]
  ↳ app/controllers/maps_controller.rb:30:in `find_map'
Completed 200 OK in 9ms (Views: 0.2ms | ActiveRecord: 6.3ms | Allocations: 614)


Started GET "/maps/1" for ::1 at 2019-12-05 10:57:41 -0800
Processing by MapsController#show as HTML
  Parameters: {"id"=>"1"}
  [1m[36mMap Load (8.2ms)[0m  [1m[34mSELECT "maps".* FROM "maps" WHERE "maps"."id" = $1 LIMIT $2[0m  [["id", 1], ["LIMIT", 1]]
  ↳ app/controllers/maps_controller.rb:30:in `find_map'
Completed 200 OK in 13ms (Views: 0.1ms | ActiveRecord: 8.2ms | Allocations: 741)


Started GET "/maps/1" for 127.0.0.1 at 2019-12-05 11:10:32 -0800
  [1m[35m (7.5ms)[0m  [1m[34mSELECT "schema_migrations"."version" FROM "schema_migrations" ORDER BY "schema_migrations"."version" ASC[0m
Processing by MapsController#show as */*
  Parameters: {"id"=>"1"}
  [1m[36mMap Load (19.7ms)[0m  [1m[34mSELECT "maps".* FROM "maps" WHERE "maps"."id" = $1 LIMIT $2[0m  [["id", 1], ["LIMIT", 1]]
  ↳ app/controllers/maps_controller.rb:30:in `find_map'
Completed 200 OK in 77ms (Views: 0.7ms | ActiveRecord: 46.4ms | Allocations: 5968)


Started GET "/maps/%3Canonymous%3E" for 127.0.0.1 at 2019-12-05 11:10:32 -0800
Processing by MapsController#show as */*
  Parameters: {"id"=>"<anonymous>"}
  [1m[36mMap Load (15.4ms)[0m  [1m[34mSELECT "maps".* FROM "maps" WHERE "maps"."id" = $1 LIMIT $2[0m  [["id", nil], ["LIMIT", 1]]
  ↳ app/controllers/maps_controller.rb:30:in `find_map'
Completed 200 OK in 18ms (Views: 0.3ms | ActiveRecord: 15.4ms | Allocations: 674)


Started GET "/maps/%3Canonymous%3E" for 127.0.0.1 at 2019-12-05 11:10:33 -0800
Processing by MapsController#show as */*
  Parameters: {"id"=>"<anonymous>"}
  [1m[36mMap Load (7.0ms)[0m  [1m[34mSELECT "maps".* FROM "maps" WHERE "maps"."id" = $1 LIMIT $2[0m  [["id", nil], ["LIMIT", 1]]
  ↳ app/controllers/maps_controller.rb:30:in `find_map'
Completed 200 OK in 9ms (Views: 0.3ms | ActiveRecord: 7.0ms | Allocations: 670)


Started GET "/maps/1" for ::1 at 2019-12-05 11:10:38 -0800
Processing by MapsController#show as HTML
  Parameters: {"id"=>"1"}
  [1m[36mMap Load (1.1ms)[0m  [1m[34mSELECT "maps".* FROM "maps" WHERE "maps"."id" = $1 LIMIT $2[0m  [["id", 1], ["LIMIT", 1]]
  ↳ app/controllers/maps_controller.rb:30:in `find_map'
Completed 200 OK in 6ms (Views: 1.3ms | ActiveRecord: 1.1ms | Allocations: 762)


Started GET "/maps/1" for ::1 at 2019-12-05 11:12:21 -0800
Processing by MapsController#show as HTML
  Parameters: {"id"=>"1"}
  [1m[36mMap Load (0.6ms)[0m  [1m[34mSELECT "maps".* FROM "maps" WHERE "maps"."id" = $1 LIMIT $2[0m  [["id", 1], ["LIMIT", 1]]
  ↳ app/controllers/maps_controller.rb:30:in `find_map'
[active_model_serializers]   [1m[36mPin Load (18.2ms)[0m  [1m[34mSELECT "pins".* FROM "pins" WHERE "pins"."map_id" = $1[0m  [["map_id", 1]]
[active_model_serializers]   ↳ app/controllers/maps_controller.rb:11:in `show'
[active_model_serializers] Rendered MapSerializer with ActiveModelSerializers::Adapter::Attributes (115.25ms)
Completed 200 OK in 245ms (Views: 195.6ms | ActiveRecord: 34.5ms | Allocations: 19024)


Started GET "/maps/1" for 127.0.0.1 at 2019-12-05 11:13:04 -0800
Processing by MapsController#show as */*
  Parameters: {"id"=>"1"}
  [1m[36mMap Load (6.1ms)[0m  [1m[34mSELECT "maps".* FROM "maps" WHERE "maps"."id" = $1 LIMIT $2[0m  [["id", 1], ["LIMIT", 1]]
  ↳ app/controllers/maps_controller.rb:30:in `find_map'
[active_model_serializers]   [1m[36mPin Load (0.6ms)[0m  [1m[34mSELECT "pins".* FROM "pins" WHERE "pins"."map_id" = $1[0m  [["map_id", 1]]
[active_model_serializers]   ↳ app/controllers/maps_controller.rb:11:in `show'
[active_model_serializers] Rendered MapSerializer with ActiveModelSerializers::Adapter::Attributes (4.86ms)
Completed 200 OK in 14ms (Views: 5.0ms | ActiveRecord: 6.7ms | Allocations: 2376)


Started GET "/maps/%3Canonymous%3E" for 127.0.0.1 at 2019-12-05 11:13:04 -0800
Processing by MapsController#show as */*
  Parameters: {"id"=>"<anonymous>"}
  [1m[36mMap Load (15.9ms)[0m  [1m[34mSELECT "maps".* FROM "maps" WHERE "maps"."id" = $1 LIMIT $2[0m  [["id", nil], ["LIMIT", 1]]
  ↳ app/controllers/maps_controller.rb:30:in `find_map'
[active_model_serializers] Rendered ActiveModel::Serializer::Null with Class (0.3ms)
Completed 200 OK in 42ms (Views: 24.2ms | ActiveRecord: 15.9ms | Allocations: 2897)


Started GET "/maps/%3Canonymous%3E" for 127.0.0.1 at 2019-12-05 11:13:04 -0800
Processing by MapsController#show as */*
  Parameters: {"id"=>"<anonymous>"}
  [1m[36mMap Load (32.6ms)[0m  [1m[34mSELECT "maps".* FROM "maps" WHERE "maps"."id" = $1 LIMIT $2[0m  [["id", nil], ["LIMIT", 1]]
  ↳ app/controllers/maps_controller.rb:30:in `find_map'
[active_model_serializers] Rendered ActiveModel::Serializer::Null with Class (0.11ms)
Completed 200 OK in 36ms (Views: 0.9ms | ActiveRecord: 32.6ms | Allocations: 718)


Started GET "/maps/1" for 127.0.0.1 at 2019-12-05 11:13:13 -0800
Processing by MapsController#show as */*
  Parameters: {"id"=>"1"}
  [1m[36mMap Load (9.4ms)[0m  [1m[34mSELECT "maps".* FROM "maps" WHERE "maps"."id" = $1 LIMIT $2[0m  [["id", 1], ["LIMIT", 1]]
  ↳ app/controllers/maps_controller.rb:30:in `find_map'
[active_model_serializers]   [1m[36mPin Load (461.3ms)[0m  [1m[34mSELECT "pins".* FROM "pins" WHERE "pins"."map_id" = $1[0m  [["map_id", 1]]
[active_model_serializers]   ↳ app/controllers/maps_controller.rb:11:in `show'
[active_model_serializers] Rendered MapSerializer with ActiveModelSerializers::Adapter::Attributes (469.01ms)
Completed 200 OK in 484ms (Views: 8.8ms | ActiveRecord: 470.7ms | Allocations: 2393)


  [1m[36mPin Load (1.0ms)[0m  [1m[34mSELECT "pins".* FROM "pins" WHERE "pins"."id" = $1 LIMIT $2[0m  [["id", 1], ["LIMIT", 1]]
  [1m[36mPin Load (1.3ms)[0m  [1m[34mSELECT "pins".* FROM "pins" WHERE "pins"."id" = $1 LIMIT $2[0m  [["id", 1], ["LIMIT", 1]]
  [1m[36mPin Load (1.0ms)[0m  [1m[34mSELECT "pins".* FROM "pins" WHERE "pins"."id" = $1 LIMIT $2[0m  [["id", 1], ["LIMIT", 1]]
  [1m[35m (9.4ms)[0m  [1m[35mBEGIN[0m
  [1m[36mMap Load (15.3ms)[0m  [1m[34mSELECT "maps".* FROM "maps" WHERE "maps"."id" = $1 LIMIT $2[0m  [["id", 1], ["LIMIT", 1]]
  [1m[36mPin Update (9.4ms)[0m  [1m[33mUPDATE "pins" SET "location" = $1, "updated_at" = $2 WHERE "pins"."id" = $3[0m  [["location", "[0, 0]"], ["updated_at", "2019-12-05 19:14:45.643518"], ["id", 1]]
  [1m[35m (6.4ms)[0m  [1m[35mCOMMIT[0m
  [1m[36mPin Load (0.7ms)[0m  [1m[34mSELECT "pins".* FROM "pins" WHERE "pins"."id" = $1 LIMIT $2[0m  [["id", 2], ["LIMIT", 1]]
  [1m[35m (0.6ms)[0m  [1m[35mBEGIN[0m
  [1m[36mMap Load (0.7ms)[0m  [1m[34mSELECT "maps".* FROM "maps" WHERE "maps"."id" = $1 LIMIT $2[0m  [["id", 1], ["LIMIT", 1]]
  [1m[36mPin Update (0.9ms)[0m  [1m[33mUPDATE "pins" SET "location" = $1, "updated_at" = $2 WHERE "pins"."id" = $3[0m  [["location", "[100, 300]"], ["updated_at", "2019-12-05 19:15:26.412863"], ["id", 2]]
  [1m[35m (6.1ms)[0m  [1m[35mCOMMIT[0m
Started GET "/maps/1" for 127.0.0.1 at 2019-12-05 11:16:12 -0800
  [1m[35m (9.2ms)[0m  [1m[34mSELECT "schema_migrations"."version" FROM "schema_migrations" ORDER BY "schema_migrations"."version" ASC[0m
Processing by MapsController#show as */*
  Parameters: {"id"=>"1"}
  [1m[36mMap Load (1.1ms)[0m  [1m[34mSELECT "maps".* FROM "maps" WHERE "maps"."id" = $1 LIMIT $2[0m  [["id", 1], ["LIMIT", 1]]
  ↳ app/controllers/maps_controller.rb:30:in `find_map'
[active_model_serializers]   [1m[36mPin Load (38.4ms)[0m  [1m[34mSELECT "pins".* FROM "pins" WHERE "pins"."map_id" = $1[0m  [["map_id", 1]]
[active_model_serializers]   ↳ app/controllers/maps_controller.rb:11:in `show'
[active_model_serializers] Rendered MapSerializer with ActiveModelSerializers::Adapter::Attributes (168.36ms)
Completed 200 OK in 227ms (Views: 85.5ms | ActiveRecord: 112.0ms | Allocations: 15785)


Started GET "/maps/%3Canonymous%3E" for 127.0.0.1 at 2019-12-05 11:16:30 -0800
Processing by MapsController#show as */*
  Parameters: {"id"=>"<anonymous>"}
  [1m[36mMap Load (13.5ms)[0m  [1m[34mSELECT "maps".* FROM "maps" WHERE "maps"."id" = $1 LIMIT $2[0m  [["id", nil], ["LIMIT", 1]]
  ↳ app/controllers/maps_controller.rb:30:in `find_map'
[active_model_serializers] Rendered ActiveModel::Serializer::Null with Class (0.16ms)
Completed 200 OK in 36ms (Views: 19.6ms | ActiveRecord: 13.5ms | Allocations: 2751)


Started GET "/maps/%3Canonymous%3E" for 127.0.0.1 at 2019-12-05 11:16:32 -0800
Processing by MapsController#show as */*
  Parameters: {"id"=>"<anonymous>"}
  [1m[36mMap Load (60.1ms)[0m  [1m[34mSELECT "maps".* FROM "maps" WHERE "maps"."id" = $1 LIMIT $2[0m  [["id", nil], ["LIMIT", 1]]
  ↳ app/controllers/maps_controller.rb:30:in `find_map'
[active_model_serializers] Rendered ActiveModel::Serializer::Null with Class (0.07ms)
Completed 200 OK in 62ms (Views: 0.6ms | ActiveRecord: 60.1ms | Allocations: 735)


Started GET "/maps/1" for 127.0.0.1 at 2019-12-05 11:16:35 -0800
Processing by MapsController#show as */*
  Parameters: {"id"=>"1"}
  [1m[36mMap Load (18.2ms)[0m  [1m[34mSELECT "maps".* FROM "maps" WHERE "maps"."id" = $1 LIMIT $2[0m  [["id", 1], ["LIMIT", 1]]
  ↳ app/controllers/maps_controller.rb:30:in `find_map'
[active_model_serializers]   [1m[36mPin Load (3.2ms)[0m  [1m[34mSELECT "pins".* FROM "pins" WHERE "pins"."map_id" = $1[0m  [["map_id", 1]]
[active_model_serializers]   ↳ app/controllers/maps_controller.rb:11:in `show'
[active_model_serializers] Rendered MapSerializer with ActiveModelSerializers::Adapter::Attributes (14.12ms)
Completed 200 OK in 36ms (Views: 12.2ms | ActiveRecord: 21.4ms | Allocations: 2407)


Started GET "/maps/%3Canonymous%3E" for 127.0.0.1 at 2019-12-05 11:16:39 -0800
Processing by MapsController#show as */*
  Parameters: {"id"=>"<anonymous>"}
  [1m[36mMap Load (13.1ms)[0m  [1m[34mSELECT "maps".* FROM "maps" WHERE "maps"."id" = $1 LIMIT $2[0m  [["id", nil], ["LIMIT", 1]]
  ↳ app/controllers/maps_controller.rb:30:in `find_map'
[active_model_serializers] Rendered ActiveModel::Serializer::Null with Class (0.08ms)
Completed 200 OK in 15ms (Views: 0.6ms | ActiveRecord: 13.1ms | Allocations: 735)


Started GET "/maps/%3Canonymous%3E" for 127.0.0.1 at 2019-12-05 11:16:42 -0800
Processing by MapsController#show as */*
  Parameters: {"id"=>"<anonymous>"}
  [1m[36mMap Load (7.3ms)[0m  [1m[34mSELECT "maps".* FROM "maps" WHERE "maps"."id" = $1 LIMIT $2[0m  [["id", nil], ["LIMIT", 1]]
  ↳ app/controllers/maps_controller.rb:30:in `find_map'
[active_model_serializers] Rendered ActiveModel::Serializer::Null with Class (0.07ms)
Completed 200 OK in 10ms (Views: 0.6ms | ActiveRecord: 7.3ms | Allocations: 718)


Started GET "/maps/1" for 127.0.0.1 at 2019-12-05 11:16:45 -0800
Processing by MapsController#show as */*
  Parameters: {"id"=>"1"}
  [1m[36mMap Load (3.4ms)[0m  [1m[34mSELECT "maps".* FROM "maps" WHERE "maps"."id" = $1 LIMIT $2[0m  [["id", 1], ["LIMIT", 1]]
  ↳ app/controllers/maps_controller.rb:30:in `find_map'
[active_model_serializers]   [1m[36mPin Load (2.7ms)[0m  [1m[34mSELECT "pins".* FROM "pins" WHERE "pins"."map_id" = $1[0m  [["map_id", 1]]
[active_model_serializers]   ↳ app/controllers/maps_controller.rb:11:in `show'
[active_model_serializers] Rendered MapSerializer with ActiveModelSerializers::Adapter::Attributes (9.45ms)
Completed 200 OK in 17ms (Views: 7.9ms | ActiveRecord: 6.1ms | Allocations: 2390)


Started GET "/maps/%3Canonymous%3E" for 127.0.0.1 at 2019-12-05 11:19:10 -0800
Processing by MapsController#show as */*
  Parameters: {"id"=>"<anonymous>"}
  [1m[36mMap Load (1.5ms)[0m  [1m[34mSELECT "maps".* FROM "maps" WHERE "maps"."id" = $1 LIMIT $2[0m  [["id", nil], ["LIMIT", 1]]
  ↳ app/controllers/maps_controller.rb:30:in `find_map'
[active_model_serializers] Rendered ActiveModel::Serializer::Null with Class (0.87ms)
Completed 200 OK in 41ms (Views: 5.5ms | ActiveRecord: 1.5ms | Allocations: 718)


Started GET "/maps/%3Canonymous%3E" for 127.0.0.1 at 2019-12-05 11:19:11 -0800
Processing by MapsController#show as */*
  Parameters: {"id"=>"<anonymous>"}
  [1m[36mMap Load (0.6ms)[0m  [1m[34mSELECT "maps".* FROM "maps" WHERE "maps"."id" = $1 LIMIT $2[0m  [["id", nil], ["LIMIT", 1]]
  ↳ app/controllers/maps_controller.rb:30:in `find_map'
[active_model_serializers] Rendered ActiveModel::Serializer::Null with Class (0.1ms)
Completed 200 OK in 3ms (Views: 0.7ms | ActiveRecord: 0.6ms | Allocations: 718)


Started GET "/maps/1" for 127.0.0.1 at 2019-12-05 11:19:25 -0800
Processing by MapsController#show as */*
  Parameters: {"id"=>"1"}
  [1m[36mMap Load (0.5ms)[0m  [1m[34mSELECT "maps".* FROM "maps" WHERE "maps"."id" = $1 LIMIT $2[0m  [["id", 1], ["LIMIT", 1]]
  ↳ app/controllers/maps_controller.rb:30:in `find_map'
[active_model_serializers]   [1m[36mPin Load (2.6ms)[0m  [1m[34mSELECT "pins".* FROM "pins" WHERE "pins"."map_id" = $1[0m  [["map_id", 1]]
[active_model_serializers]   ↳ app/controllers/maps_controller.rb:11:in `show'
[active_model_serializers] Rendered MapSerializer with ActiveModelSerializers::Adapter::Attributes (14.57ms)
Completed 200 OK in 19ms (Views: 13.5ms | ActiveRecord: 3.1ms | Allocations: 2389)


Started GET "/maps/%3Canonymous%3E" for 127.0.0.1 at 2019-12-05 11:20:42 -0800
Processing by MapsController#show as */*
  Parameters: {"id"=>"<anonymous>"}
  [1m[36mMap Load (0.9ms)[0m  [1m[34mSELECT "maps".* FROM "maps" WHERE "maps"."id" = $1 LIMIT $2[0m  [["id", nil], ["LIMIT", 1]]
  ↳ app/controllers/maps_controller.rb:30:in `find_map'
[active_model_serializers] Rendered ActiveModel::Serializer::Null with Class (0.13ms)
Completed 200 OK in 4ms (Views: 0.8ms | ActiveRecord: 0.9ms | Allocations: 718)


Started GET "/maps/%3Canonymous%3E" for 127.0.0.1 at 2019-12-05 11:20:44 -0800
Processing by MapsController#show as */*
  Parameters: {"id"=>"<anonymous>"}
  [1m[36mMap Load (3.0ms)[0m  [1m[34mSELECT "maps".* FROM "maps" WHERE "maps"."id" = $1 LIMIT $2[0m  [["id", nil], ["LIMIT", 1]]
  ↳ app/controllers/maps_controller.rb:30:in `find_map'
[active_model_serializers] Rendered ActiveModel::Serializer::Null with Class (0.06ms)
Completed 200 OK in 5ms (Views: 0.5ms | ActiveRecord: 3.0ms | Allocations: 718)


Started GET "/maps/1" for 127.0.0.1 at 2019-12-05 11:20:56 -0800
Processing by MapsController#show as */*
  Parameters: {"id"=>"1"}
  [1m[36mMap Load (2.5ms)[0m  [1m[34mSELECT "maps".* FROM "maps" WHERE "maps"."id" = $1 LIMIT $2[0m  [["id", 1], ["LIMIT", 1]]
  ↳ app/controllers/maps_controller.rb:30:in `find_map'
[active_model_serializers]   [1m[36mPin Load (3.2ms)[0m  [1m[34mSELECT "pins".* FROM "pins" WHERE "pins"."map_id" = $1[0m  [["map_id", 1]]
[active_model_serializers]   ↳ app/controllers/maps_controller.rb:11:in `show'
[active_model_serializers] Rendered MapSerializer with ActiveModelSerializers::Adapter::Attributes (6.38ms)
Completed 200 OK in 12ms (Views: 3.8ms | ActiveRecord: 5.7ms | Allocations: 2389)


Started GET "/maps/%3Canonymous%3E" for 127.0.0.1 at 2019-12-05 11:21:15 -0800
Processing by MapsController#show as */*
  Parameters: {"id"=>"<anonymous>"}
  [1m[36mMap Load (41.7ms)[0m  [1m[34mSELECT "maps".* FROM "maps" WHERE "maps"."id" = $1 LIMIT $2[0m  [["id", nil], ["LIMIT", 1]]
  ↳ app/controllers/maps_controller.rb:30:in `find_map'
[active_model_serializers] Rendered ActiveModel::Serializer::Null with Class (0.1ms)
Completed 200 OK in 44ms (Views: 1.1ms | ActiveRecord: 41.7ms | Allocations: 718)


Started GET "/maps/%3Canonymous%3E" for 127.0.0.1 at 2019-12-05 11:21:44 -0800
Processing by MapsController#show as */*
  Parameters: {"id"=>"<anonymous>"}
  [1m[36mMap Load (0.4ms)[0m  [1m[34mSELECT "maps".* FROM "maps" WHERE "maps"."id" = $1 LIMIT $2[0m  [["id", nil], ["LIMIT", 1]]
  ↳ app/controllers/maps_controller.rb:30:in `find_map'
[active_model_serializers] Rendered ActiveModel::Serializer::Null with Class (0.05ms)
Completed 200 OK in 2ms (Views: 0.7ms | ActiveRecord: 0.4ms | Allocations: 718)


Started GET "/maps/1" for 127.0.0.1 at 2019-12-05 11:21:56 -0800
Processing by MapsController#show as */*
  Parameters: {"id"=>"1"}
  [1m[36mMap Load (282.0ms)[0m  [1m[34mSELECT "maps".* FROM "maps" WHERE "maps"."id" = $1 LIMIT $2[0m  [["id", 1], ["LIMIT", 1]]
  ↳ app/controllers/maps_controller.rb:30:in `find_map'
[active_model_serializers]   [1m[36mPin Load (7.6ms)[0m  [1m[34mSELECT "pins".* FROM "pins" WHERE "pins"."map_id" = $1[0m  [["map_id", 1]]
[active_model_serializers]   ↳ app/controllers/maps_controller.rb:11:in `show'
[active_model_serializers] Rendered MapSerializer with ActiveModelSerializers::Adapter::Attributes (20.77ms)
Completed 200 OK in 307ms (Views: 15.0ms | ActiveRecord: 289.6ms | Allocations: 2390)


Started GET "/maps/%3Canonymous%3E" for 127.0.0.1 at 2019-12-05 11:23:03 -0800
Processing by MapsController#show as */*
  Parameters: {"id"=>"<anonymous>"}
  [1m[36mMap Load (0.8ms)[0m  [1m[34mSELECT "maps".* FROM "maps" WHERE "maps"."id" = $1 LIMIT $2[0m  [["id", nil], ["LIMIT", 1]]
  ↳ app/controllers/maps_controller.rb:30:in `find_map'
[active_model_serializers] Rendered ActiveModel::Serializer::Null with Class (0.2ms)
Completed 200 OK in 11ms (Views: 7.4ms | ActiveRecord: 0.8ms | Allocations: 719)


Started GET "/maps/%3Canonymous%3E" for 127.0.0.1 at 2019-12-05 11:23:04 -0800
Processing by MapsController#show as */*
  Parameters: {"id"=>"<anonymous>"}
  [1m[36mMap Load (0.5ms)[0m  [1m[34mSELECT "maps".* FROM "maps" WHERE "maps"."id" = $1 LIMIT $2[0m  [["id", nil], ["LIMIT", 1]]
  ↳ app/controllers/maps_controller.rb:30:in `find_map'
[active_model_serializers] Rendered ActiveModel::Serializer::Null with Class (0.08ms)
Completed 200 OK in 3ms (Views: 0.8ms | ActiveRecord: 0.5ms | Allocations: 718)


Started GET "/maps/1" for 127.0.0.1 at 2019-12-05 11:23:20 -0800
Processing by MapsController#show as */*
  Parameters: {"id"=>"1"}
  [1m[36mMap Load (3.3ms)[0m  [1m[34mSELECT "maps".* FROM "maps" WHERE "maps"."id" = $1 LIMIT $2[0m  [["id", 1], ["LIMIT", 1]]
  ↳ app/controllers/maps_controller.rb:30:in `find_map'
[active_model_serializers]   [1m[36mPin Load (1.4ms)[0m  [1m[34mSELECT "pins".* FROM "pins" WHERE "pins"."map_id" = $1[0m  [["map_id", 1]]
[active_model_serializers]   ↳ app/controllers/maps_controller.rb:11:in `show'
[active_model_serializers] Rendered MapSerializer with ActiveModelSerializers::Adapter::Attributes (8.97ms)
Completed 200 OK in 15ms (Views: 8.6ms | ActiveRecord: 4.7ms | Allocations: 2389)


Started GET "/maps/%3Canonymous%3E" for 127.0.0.1 at 2019-12-05 11:25:24 -0800
Processing by MapsController#show as */*
  Parameters: {"id"=>"<anonymous>"}
  [1m[36mMap Load (8.6ms)[0m  [1m[34mSELECT "maps".* FROM "maps" WHERE "maps"."id" = $1 LIMIT $2[0m  [["id", nil], ["LIMIT", 1]]
  ↳ app/controllers/maps_controller.rb:30:in `find_map'
[active_model_serializers] Rendered ActiveModel::Serializer::Null with Class (0.52ms)
Completed 200 OK in 28ms (Views: 4.8ms | ActiveRecord: 8.6ms | Allocations: 718)


Started GET "/maps/%3Canonymous%3E" for 127.0.0.1 at 2019-12-05 11:25:24 -0800
Processing by MapsController#show as */*
  Parameters: {"id"=>"<anonymous>"}
  [1m[36mMap Load (3.3ms)[0m  [1m[34mSELECT "maps".* FROM "maps" WHERE "maps"."id" = $1 LIMIT $2[0m  [["id", nil], ["LIMIT", 1]]
  ↳ app/controllers/maps_controller.rb:30:in `find_map'
[active_model_serializers] Rendered ActiveModel::Serializer::Null with Class (0.12ms)
Completed 200 OK in 8ms (Views: 1.4ms | ActiveRecord: 3.3ms | Allocations: 718)


Started GET "/maps/1" for 127.0.0.1 at 2019-12-05 11:25:33 -0800
Processing by MapsController#show as */*
  Parameters: {"id"=>"1"}
  [1m[36mMap Load (4.3ms)[0m  [1m[34mSELECT "maps".* FROM "maps" WHERE "maps"."id" = $1 LIMIT $2[0m  [["id", 1], ["LIMIT", 1]]
  ↳ app/controllers/maps_controller.rb:30:in `find_map'
[active_model_serializers]   [1m[36mPin Load (2.4ms)[0m  [1m[34mSELECT "pins".* FROM "pins" WHERE "pins"."map_id" = $1[0m  [["map_id", 1]]
[active_model_serializers]   ↳ app/controllers/maps_controller.rb:11:in `show'
[active_model_serializers] Rendered MapSerializer with ActiveModelSerializers::Adapter::Attributes (14.06ms)
Completed 200 OK in 24ms (Views: 13.7ms | ActiveRecord: 6.6ms | Allocations: 2390)


  [1m[35m (17.6ms)[0m  [1m[34mSELECT "schema_migrations"."version" FROM "schema_migrations" ORDER BY "schema_migrations"."version" ASC[0m
  [1m[35m (79.9ms)[0m  [1m[34mSELECT "ar_internal_metadata"."value" FROM "ar_internal_metadata" WHERE "ar_internal_metadata"."key" = $1[0m  [["key", "environment"]]
  [1m[35m (0.6ms)[0m  [1m[34mSELECT "schema_migrations"."version" FROM "schema_migrations" ORDER BY "schema_migrations"."version" ASC[0m
  [1m[35m (0.5ms)[0m  [1m[34mSELECT "ar_internal_metadata"."value" FROM "ar_internal_metadata" WHERE "ar_internal_metadata"."key" = $1[0m  [["key", "environment"]]
  [1m[35m (0.6ms)[0m  [1m[34mSELECT "schema_migrations"."version" FROM "schema_migrations" ORDER BY "schema_migrations"."version" ASC[0m
  [1m[35m (0.6ms)[0m  [1m[34mSELECT "ar_internal_metadata"."value" FROM "ar_internal_metadata" WHERE "ar_internal_metadata"."key" = $1[0m  [["key", "environment"]]
  [1m[35m (1757.7ms)[0m  [1m[35mDROP DATABASE IF EXISTS "worldpin_development"[0m
  [1m[35m (1072.8ms)[0m  [1m[35mDROP DATABASE IF EXISTS "worldpin_test"[0m
  [1m[35m (1218.7ms)[0m  [1m[35mCREATE DATABASE "worldpin_development" ENCODING = 'unicode'[0m
  [1m[35m (514.2ms)[0m  [1m[35mCREATE DATABASE "worldpin_test" ENCODING = 'unicode'[0m
  [1m[35m (362.8ms)[0m  [1m[35mCREATE TABLE "schema_migrations" ("version" character varying NOT NULL PRIMARY KEY)[0m
  [1m[35m (38.4ms)[0m  [1m[35mCREATE TABLE "ar_internal_metadata" ("key" character varying NOT NULL PRIMARY KEY, "value" character varying, "created_at" timestamp(6) NOT NULL, "updated_at" timestamp(6) NOT NULL)[0m
  [1m[35m (20.0ms)[0m  [1m[34mSELECT pg_try_advisory_lock(8649083421395049360)[0m
  [1m[35m (12.1ms)[0m  [1m[34mSELECT "schema_migrations"."version" FROM "schema_migrations" ORDER BY "schema_migrations"."version" ASC[0m
Migrating to CreateMaps (20191129232830)
  [1m[35m (0.4ms)[0m  [1m[35mBEGIN[0m
  [1m[35m (194.7ms)[0m  [1m[35mCREATE TABLE "maps" ("id" bigserial primary key, "title" character varying, "url" character varying, "created_at" timestamp(6) NOT NULL, "updated_at" timestamp(6) NOT NULL)[0m
  [1m[36mprimary::SchemaMigration Create (30.6ms)[0m  [1m[32mINSERT INTO "schema_migrations" ("version") VALUES ($1) RETURNING "version"[0m  [["version", "20191129232830"]]
  [1m[35m (5.8ms)[0m  [1m[35mCOMMIT[0m
Migrating to CreatePins (20191129232917)
  [1m[35m (6.3ms)[0m  [1m[35mBEGIN[0m
  [1m[35m (28.4ms)[0m  [1m[35mCREATE TABLE "pins" ("id" bigserial primary key, "map_id" integer, "name" character varying, "x" integer, "y" integer, "description" character varying, "created_at" timestamp(6) NOT NULL, "updated_at" timestamp(6) NOT NULL)[0m
  [1m[36mprimary::SchemaMigration Create (0.7ms)[0m  [1m[32mINSERT INTO "schema_migrations" ("version") VALUES ($1) RETURNING "version"[0m  [["version", "20191129232917"]]
  [1m[35m (6.6ms)[0m  [1m[35mCOMMIT[0m
  [1m[36mActiveRecord::InternalMetadata Load (0.6ms)[0m  [1m[34mSELECT "ar_internal_metadata".* FROM "ar_internal_metadata" WHERE "ar_internal_metadata"."key" = $1 LIMIT $2[0m  [["key", "environment"], ["LIMIT", 1]]
  [1m[35m (0.3ms)[0m  [1m[35mBEGIN[0m
  [1m[36mActiveRecord::InternalMetadata Create (32.5ms)[0m  [1m[32mINSERT INTO "ar_internal_metadata" ("key", "value", "created_at", "updated_at") VALUES ($1, $2, $3, $4) RETURNING "key"[0m  [["key", "environment"], ["value", "development"], ["created_at", "2019-12-05 19:33:07.173637"], ["updated_at", "2019-12-05 19:33:07.173637"]]
  [1m[35m (7.8ms)[0m  [1m[35mCOMMIT[0m
  [1m[35m (0.6ms)[0m  [1m[34mSELECT pg_advisory_unlock(8649083421395049360)[0m
  [1m[35m (2.6ms)[0m  [1m[34mSELECT "schema_migrations"."version" FROM "schema_migrations" ORDER BY "schema_migrations"."version" ASC[0m
Started GET "/maps/1" for 127.0.0.1 at 2019-12-05 11:37:09 -0800
  [1m[35m (1.1ms)[0m  [1m[34mSELECT "schema_migrations"."version" FROM "schema_migrations" ORDER BY "schema_migrations"."version" ASC[0m
Processing by MapsController#show as */*
  Parameters: {"id"=>"1"}
  [1m[36mMap Load (5.4ms)[0m  [1m[34mSELECT "maps".* FROM "maps" WHERE "maps"."id" = $1 LIMIT $2[0m  [["id", 1], ["LIMIT", 1]]
  ↳ app/controllers/maps_controller.rb:30:in `find_map'
[active_model_serializers] Rendered ActiveModel::Serializer::Null with Class (0.17ms)
Completed 200 OK in 49ms (Views: 17.1ms | ActiveRecord: 8.0ms | Allocations: 3783)


Started GET "/maps/%3Canonymous%3E" for 127.0.0.1 at 2019-12-05 11:37:50 -0800
Processing by MapsController#show as */*
  Parameters: {"id"=>"<anonymous>"}
  [1m[36mMap Load (2.3ms)[0m  [1m[34mSELECT "maps".* FROM "maps" WHERE "maps"."id" = $1 LIMIT $2[0m  [["id", nil], ["LIMIT", 1]]
  ↳ app/controllers/maps_controller.rb:30:in `find_map'
[active_model_serializers] Rendered ActiveModel::Serializer::Null with Class (0.12ms)
Completed 200 OK in 6ms (Views: 1.0ms | ActiveRecord: 2.3ms | Allocations: 737)


Started GET "/maps/1" for 127.0.0.1 at 2019-12-05 11:38:36 -0800
Processing by MapsController#show as */*
  Parameters: {"id"=>"1"}
  [1m[36mMap Load (1.9ms)[0m  [1m[34mSELECT "maps".* FROM "maps" WHERE "maps"."id" = $1 LIMIT $2[0m  [["id", 1], ["LIMIT", 1]]
  ↳ app/controllers/maps_controller.rb:30:in `find_map'
[active_model_serializers] Rendered ActiveModel::Serializer::Null with Class (0.48ms)
Completed 200 OK in 30ms (Views: 5.8ms | ActiveRecord: 1.9ms | Allocations: 735)


Started GET "/maps/%3Canonymous%3E" for 127.0.0.1 at 2019-12-05 11:39:19 -0800
Processing by MapsController#show as */*
  Parameters: {"id"=>"<anonymous>"}
  [1m[36mMap Load (5.1ms)[0m  [1m[34mSELECT "maps".* FROM "maps" WHERE "maps"."id" = $1 LIMIT $2[0m  [["id", nil], ["LIMIT", 1]]
  ↳ app/controllers/maps_controller.rb:30:in `find_map'
[active_model_serializers] Rendered ActiveModel::Serializer::Null with Class (0.12ms)
Completed 200 OK in 8ms (Views: 1.1ms | ActiveRecord: 5.1ms | Allocations: 735)


  [1m[36mMap Load (0.6ms)[0m  [1m[34mSELECT "maps".* FROM "maps" LIMIT $1[0m  [["LIMIT", 11]]
  [1m[35m (0.4ms)[0m  [1m[35mBEGIN[0m
  [1m[36mMap Create (4.1ms)[0m  [1m[32mINSERT INTO "maps" ("title", "created_at", "updated_at") VALUES ($1, $2, $3) RETURNING "id"[0m  [["title", "first map"], ["created_at", "2019-12-05 19:40:04.484961"], ["updated_at", "2019-12-05 19:40:04.484961"]]
  [1m[35m (2.3ms)[0m  [1m[35mCOMMIT[0m
  [1m[36mMap Load (1.1ms)[0m  [1m[34mSELECT "maps".* FROM "maps" LIMIT $1[0m  [["LIMIT", 11]]
  [1m[36mMap Load (0.4ms)[0m  [1m[34mSELECT "maps".* FROM "maps" WHERE "maps"."id" = $1 LIMIT $2[0m  [["id", 1], ["LIMIT", 1]]
  [1m[36mPin Load (4.7ms)[0m  [1m[34mSELECT "pins".* FROM "pins" WHERE "pins"."map_id" = $1 LIMIT $2[0m  [["map_id", 1], ["LIMIT", 11]]
Started GET "/maps/1" for 127.0.0.1 at 2019-12-05 11:41:12 -0800
  [1m[35m (50.3ms)[0m  [1m[34mSELECT "schema_migrations"."version" FROM "schema_migrations" ORDER BY "schema_migrations"."version" ASC[0m
Processing by MapsController#show as */*
  Parameters: {"id"=>"1"}
  [1m[36mMap Load (27.5ms)[0m  [1m[34mSELECT "maps".* FROM "maps" WHERE "maps"."id" = $1 LIMIT $2[0m  [["id", 1], ["LIMIT", 1]]
  ↳ app/controllers/maps_controller.rb:30:in `find_map'
[active_model_serializers]   [1m[36mPin Load (2.0ms)[0m  [1m[34mSELECT "pins".* FROM "pins" WHERE "pins"."map_id" = $1[0m  [["map_id", 1]]
[active_model_serializers]   ↳ app/controllers/maps_controller.rb:11:in `show'
[active_model_serializers] Rendered MapSerializer with ActiveModelSerializers::Adapter::Attributes (193.27ms)
Completed 200 OK in 483ms (Views: 132.5ms | ActiveRecord: 285.9ms | Allocations: 11106)


  [1m[35m (7.6ms)[0m  [1m[34mSELECT "schema_migrations"."version" FROM "schema_migrations" ORDER BY "schema_migrations"."version" ASC[0m
  [1m[35m (14.0ms)[0m  [1m[34mSELECT "ar_internal_metadata"."value" FROM "ar_internal_metadata" WHERE "ar_internal_metadata"."key" = $1[0m  [["key", "environment"]]
  [1m[35m (0.7ms)[0m  [1m[34mSELECT "schema_migrations"."version" FROM "schema_migrations" ORDER BY "schema_migrations"."version" ASC[0m
  [1m[35m (0.4ms)[0m  [1m[34mSELECT "ar_internal_metadata"."value" FROM "ar_internal_metadata" WHERE "ar_internal_metadata"."key" = $1[0m  [["key", "environment"]]
  [1m[35m (0.5ms)[0m  [1m[34mSELECT "schema_migrations"."version" FROM "schema_migrations" ORDER BY "schema_migrations"."version" ASC[0m
  [1m[35m (0.4ms)[0m  [1m[34mSELECT "ar_internal_metadata"."value" FROM "ar_internal_metadata" WHERE "ar_internal_metadata"."key" = $1[0m  [["key", "environment"]]
  [1m[35m (350.4ms)[0m  [1m[35mDROP DATABASE IF EXISTS "worldpin_development"[0m
  [1m[35m (298.3ms)[0m  [1m[35mDROP DATABASE IF EXISTS "worldpin_test"[0m
  [1m[35m (982.3ms)[0m  [1m[35mCREATE DATABASE "worldpin_development" ENCODING = 'unicode'[0m
  [1m[35m (409.6ms)[0m  [1m[35mCREATE DATABASE "worldpin_test" ENCODING = 'unicode'[0m
  [1m[35m (44.4ms)[0m  [1m[35mCREATE TABLE "schema_migrations" ("version" character varying NOT NULL PRIMARY KEY)[0m
  [1m[35m (30.4ms)[0m  [1m[35mCREATE TABLE "ar_internal_metadata" ("key" character varying NOT NULL PRIMARY KEY, "value" character varying, "created_at" timestamp(6) NOT NULL, "updated_at" timestamp(6) NOT NULL)[0m
  [1m[35m (3.4ms)[0m  [1m[34mSELECT pg_try_advisory_lock(8649083421395049360)[0m
  [1m[35m (4.2ms)[0m  [1m[34mSELECT "schema_migrations"."version" FROM "schema_migrations" ORDER BY "schema_migrations"."version" ASC[0m
Migrating to CreateMaps (20191129232830)
  [1m[35m (0.6ms)[0m  [1m[35mBEGIN[0m
  [1m[35m (74.6ms)[0m  [1m[35mCREATE TABLE "maps" ("id" bigserial primary key, "title" character varying, "url" character varying, "created_at" timestamp(6) NOT NULL, "updated_at" timestamp(6) NOT NULL)[0m
  [1m[36mprimary::SchemaMigration Create (0.8ms)[0m  [1m[32mINSERT INTO "schema_migrations" ("version") VALUES ($1) RETURNING "version"[0m  [["version", "20191129232830"]]
  [1m[35m (2.6ms)[0m  [1m[35mCOMMIT[0m
Migrating to CreatePins (20191129232917)
  [1m[35m (6.4ms)[0m  [1m[35mBEGIN[0m
  [1m[35m (20.2ms)[0m  [1m[35mCREATE TABLE "pins" ("id" bigserial primary key, "map_id" integer, "name" character varying, "x" integer, "y" integer, "color" character varying, "description" character varying, "created_at" timestamp(6) NOT NULL, "updated_at" timestamp(6) NOT NULL)[0m
  [1m[36mprimary::SchemaMigration Create (0.6ms)[0m  [1m[32mINSERT INTO "schema_migrations" ("version") VALUES ($1) RETURNING "version"[0m  [["version", "20191129232917"]]
  [1m[35m (2.4ms)[0m  [1m[35mCOMMIT[0m
  [1m[36mActiveRecord::InternalMetadata Load (0.8ms)[0m  [1m[34mSELECT "ar_internal_metadata".* FROM "ar_internal_metadata" WHERE "ar_internal_metadata"."key" = $1 LIMIT $2[0m  [["key", "environment"], ["LIMIT", 1]]
  [1m[35m (17.5ms)[0m  [1m[35mBEGIN[0m
  [1m[36mActiveRecord::InternalMetadata Create (96.9ms)[0m  [1m[32mINSERT INTO "ar_internal_metadata" ("key", "value", "created_at", "updated_at") VALUES ($1, $2, $3, $4) RETURNING "key"[0m  [["key", "environment"], ["value", "development"], ["created_at", "2019-12-05 19:49:28.070100"], ["updated_at", "2019-12-05 19:49:28.070100"]]
  [1m[35m (14.4ms)[0m  [1m[35mCOMMIT[0m
  [1m[35m (1.5ms)[0m  [1m[34mSELECT pg_advisory_unlock(8649083421395049360)[0m
  [1m[35m (1.2ms)[0m  [1m[34mSELECT "schema_migrations"."version" FROM "schema_migrations" ORDER BY "schema_migrations"."version" ASC[0m
  [1m[35m (0.6ms)[0m  [1m[35mBEGIN[0m
  [1m[36mMap Create (4.3ms)[0m  [1m[32mINSERT INTO "maps" ("title", "created_at", "updated_at") VALUES ($1, $2, $3) RETURNING "id"[0m  [["title", "test 123"], ["created_at", "2019-12-05 19:50:53.061536"], ["updated_at", "2019-12-05 19:50:53.061536"]]
  [1m[35m (7.2ms)[0m  [1m[35mCOMMIT[0m
  [1m[35m (0.4ms)[0m  [1m[35mBEGIN[0m
  [1m[36mMap Load (0.5ms)[0m  [1m[34mSELECT "maps".* FROM "maps" WHERE "maps"."id" = $1 LIMIT $2[0m  [["id", 1], ["LIMIT", 1]]
  [1m[36mPin Create (3.2ms)[0m  [1m[32mINSERT INTO "pins" ("map_id", "name", "x", "y", "color", "description", "created_at", "updated_at") VALUES ($1, $2, $3, $4, $5, $6, $7, $8) RETURNING "id"[0m  [["map_id", 1], ["name", "Casey"], ["x", 255], ["y", 223], ["color", "#FFFFFF"], ["description", "best dog ever"], ["created_at", "2019-12-05 19:51:39.999389"], ["updated_at", "2019-12-05 19:51:39.999389"]]
  [1m[35m (10.4ms)[0m  [1m[35mCOMMIT[0m
Started GET "/maps/1" for 127.0.0.1 at 2019-12-05 11:52:43 -0800
  [1m[35m (3.5ms)[0m  [1m[34mSELECT "schema_migrations"."version" FROM "schema_migrations" ORDER BY "schema_migrations"."version" ASC[0m
Processing by MapsController#show as */*
  Parameters: {"id"=>"1"}
  [1m[36mMap Load (0.6ms)[0m  [1m[34mSELECT "maps".* FROM "maps" WHERE "maps"."id" = $1 LIMIT $2[0m  [["id", 1], ["LIMIT", 1]]
  ↳ app/controllers/maps_controller.rb:30:in `find_map'
[active_model_serializers]   [1m[36mPin Load (0.7ms)[0m  [1m[34mSELECT "pins".* FROM "pins" WHERE "pins"."map_id" = $1[0m  [["map_id", 1]]
[active_model_serializers]   ↳ app/controllers/maps_controller.rb:11:in `show'
[active_model_serializers] Rendered MapSerializer with ActiveModelSerializers::Adapter::Attributes (69.48ms)
Completed 200 OK in 133ms (Views: 93.0ms | ActiveRecord: 16.3ms | Allocations: 16769)


